Addui1(notflashout)/app/build/intermediates/manifest_merge_blame_file/debug/manifest-merger-blame-debug-report.txt
1<?xml version="1.0" encoding="utf-8"?>
2<manifest xmlns:android="http://schemas.android.com/apk/res/android"
3    package="com.example.addui1"
4    android:versionCode="1"
5    android:versionName="1.0" >
6
7    <uses-sdk
8        android:minSdkVersion="21"
8-->src\main\AndroidManifest.xml
9        android:targetSdkVersion="32" />
9-->src\main\AndroidManifest.xml
10
11    <uses-permission android:name="android.permission.BLUETOOTH" />
11-->src\main\AndroidManifest.xml:5:5-68
11-->src\main\AndroidManifest.xml:5:22-65
12    <uses-permission android:name="android.permission.BLUETOOTH_ADMIN" />
12-->src\main\AndroidManifest.xml:6:5-74
12-->src\main\AndroidManifest.xml:6:22-71
13    <uses-permission android:name="android.permission.ACCESS_COARSE_LOCATION" />
13-->src\main\AndroidManifest.xml:7:5-81
13-->src\main\AndroidManifest.xml:7:22-78
14    <uses-permission android:name="android.permission.ACCESS_FINE_LOCATION" />
14-->src\main\AndroidManifest.xml:8:5-79
14-->src\main\AndroidManifest.xml:8:22-76
15    <uses-permission android:name="android.permission.INTERNET" />
15-->src\main\AndroidManifest.xml:9:5-67
15-->src\main\AndroidManifest.xml:9:22-64
16    <uses-permission android:name="android.permission.ACCESS_NETWORK_STATE" />
16-->src\main\AndroidManifest.xml:10:5-79
16-->src\main\AndroidManifest.xml:10:22-76
17    <uses-permission android:name="android.permission.BLUETOOTH_ADVERTISE" />
17-->src\main\AndroidManifest.xml:12:5-78
17-->src\main\AndroidManifest.xml:12:22-75
18    <uses-permission android:name="android.permission.BLUETOOTH_CONNECT" />
18-->src\main\AndroidManifest.xml:13:5-76
18-->src\main\AndroidManifest.xml:13:22-73
19    <uses-permission android:name="android.permission.BLUETOOTH_SCAN" />
19-->src\main\AndroidManifest.xml:15:5-73
19-->src\main\AndroidManifest.xml:15:22-70
20    <uses-permission android:name="android.permission.WRITE_EXTERNAL_STORAGE" />
20-->src\main\AndroidManifest.xml:16:5-81
20-->src\main\AndroidManifest.xml:16:22-78
21    <uses-permission android:name="android.permission.READ_PHONE_STATE" />
21-->src\main\AndroidManifest.xml:17:5-75
21-->src\main\AndroidManifest.xml:17:22-72
22    <uses-permission android:name="android.permission.READ_EXTERNAL_STORAGE" />
22-->src\main\AndroidManifest.xml:18:5-80
22-->src\main\AndroidManifest.xml:18:22-77
23    <uses-permission android:name="android.permission.FOREGROUND_SERVICE" />
23-->src\main\AndroidManifest.xml:20:5-77
23-->src\main\AndroidManifest.xml:20:22-74
24    <uses-permission android:name="android.permission.ACCESS_WIFI_STATE" />
24-->src\main\AndroidManifest.xml:22:5-76
24-->src\main\AndroidManifest.xml:22:22-73
25    <uses-permission android:name="android.permission.CHANGE_WIFI_STATE" />
25-->src\main\AndroidManifest.xml:23:5-76
25-->src\main\AndroidManifest.xml:23:22-73
26
27    <application
27-->src\main\AndroidManifest.xml:25:5-48:19
28        android:allowBackup="true"
28-->src\main\AndroidManifest.xml:26:9-35
29        android:appComponentFactory="androidx.core.app.CoreComponentFactory"
29-->[androidx.core:core:1.3.2] AndroidManifest.xml:24:18-86
30        android:debuggable="true"
31        android:icon="@mipmap/ic_launcher"
31-->src\main\AndroidManifest.xml:27:9-43
32        android:label="@string/app_name"
32-->src\main\AndroidManifest.xml:28:9-41
33        android:roundIcon="@mipmap/ic_launcher_round"
33-->src\main\AndroidManifest.xml:29:9-54
34        android:supportsRtl="true"
34-->src\main\AndroidManifest.xml:30:9-35
35        android:theme="@style/Theme.AddUI1" >
35-->src\main\AndroidManifest.xml:31:9-44
36        <meta-data
36-->src\main\AndroidManifest.xml:32:9-34:63
37            android:name="com.amap.api.v2.apikey"
37-->src\main\AndroidManifest.xml:33:13-50
38            android:value="a278360680975e210a64b930cc78bfe3" />
38-->src\main\AndroidManifest.xml:34:13-61
39
40        <service
40-->src\main\AndroidManifest.xml:35:9-37:19
41            android:name="com.amap.api.location.APSService"
41-->src\main\AndroidManifest.xml:35:18-65
42            android:foregroundServiceType="location" >
42-->src\main\AndroidManifest.xml:36:13-53
43        </service>
44
45        <activity
45-->src\main\AndroidManifest.xml:38:9-47:20
46            android:name="com.example.addui1.MainActivity"
46-->src\main\AndroidManifest.xml:39:13-41
47            android:exported="true"
47-->src\main\AndroidManifest.xml:40:13-36
48            android:label="@string/app_name" >
48-->src\main\AndroidManifest.xml:41:13-45
49            <intent-filter>
49-->src\main\AndroidManifest.xml:42:13-46:29
50                <action android:name="android.intent.action.MAIN" />
50-->src\main\AndroidManifest.xml:43:17-69
50-->src\main\AndroidManifest.xml:43:25-66
51
52                <category android:name="android.intent.category.LAUNCHER" />
52-->src\main\AndroidManifest.xml:45:17-77
52-->src\main\AndroidManifest.xml:45:27-74
53            </intent-filter>
54        </activity>
55    </application>
56
57</manifest>